 14.09	20952	20952	U	0	unclassified
 85.91	127751	0	-	1	root
 85.91	127751	8	-	131567	  cellular organisms
 75.27	111934	0	D	2759	    Eukaryota
 75.27	111934	0	-	33154	      Opisthokonta
 75.27	111934	0	K	33208	        Metazoa
 75.27	111934	0	-	6072	          Eumetazoa
 75.27	111934	0	-	33213	            Bilateria
 75.27	111934	0	-	33511	              Deuterostomia
 75.27	111934	0	P	7711	                Chordata
 75.27	111934	0	-	89593	                  Craniata
 75.27	111934	0	-	7742	                    Vertebrata
 75.27	111934	0	-	7776	                      Gnathostomata
 75.27	111934	0	-	117570	                        Teleostomi
 75.27	111934	0	-	117571	                          Euteleostomi
 75.27	111934	0	-	8287	                            Sarcopterygii
 75.27	111934	0	-	1338369	                              Dipnotetrapodomorpha
 75.27	111934	0	-	32523	                                Tetrapoda
 75.27	111934	0	-	32524	                                  Amniota
 75.27	111934	0	C	40674	                                    Mammalia
 75.27	111934	0	-	32525	                                      Theria
 75.27	111934	0	-	9347	                                        Eutheria
 75.27	111934	208	-	1437010	                                          Boreoeutheria
 74.43	110677	0	-	314146	                                            Euarchontoglires
 74.43	110677	0	O	9443	                                              Primates
 74.43	110677	0	-	376913	                                                Haplorrhini
 74.43	110677	0	-	314293	                                                  Simiiformes
 74.43	110677	0	-	9526	                                                    Catarrhini
 74.43	110677	0	-	314295	                                                      Hominoidea
 74.43	110677	0	F	9604	                                                        Hominidae
 74.43	110677	0	-	207598	                                                          Homininae
 74.43	110677	0	G	9605	                                                            Homo
 74.43	110677	110677	S	9606	                                                              Homo sapiens
  0.71	1049	0	-	314145	                                            Laurasiatheria
  0.71	1049	0	O	33554	                                              Carnivora
  0.71	1049	67	-	379584	                                                Caniformia
  0.61	907	0	F	9608	                                                  Canidae
  0.61	907	0	G	9611	                                                    Canis
  0.61	907	79	S	9612	                                                      Canis lupus
  0.56	828	828	-	9615	                                                        Canis lupus familiaris
  0.05	75	0	F	9632	                                                  Ursidae
  0.05	75	0	G	9639	                                                    Ursus
  0.05	75	75	S	9644	                                                      Ursus arctos
 10.63	15808	13	D	2	    Bacteria
 10.60	15759	3	K	3379134	      Pseudomonadati
 10.59	15747	10	P	1224	        Pseudomonadota
 10.52	15638	17	C	1236	          Gammaproteobacteria
 10.49	15592	64	O	91347	            Enterobacterales
 10.42	15493	2723	F	543	              Enterobacteriaceae
  8.45	12563	839	G	561	                Escherichia
  7.82	11630	11559	S	562	                  Escherichia coli
  0.01	11	11	-	869729	                    Escherichia coli UM146
  0.01	10	8	-	83334	                    Escherichia coli O157:H7
  0.00	1	1	-	1328859	                      Escherichia coli O157:H7 str. SS17
  0.00	1	1	-	1330457	                      Escherichia coli O157:H7 str. SS52
  0.01	8	8	-	745156	                    Escherichia coli 1303
  0.00	7	7	-	1329907	                    Escherichia coli APEC IMT5155
  0.00	4	4	-	316435	                    Escherichia coli Nissle 1917
  0.00	4	4	-	2874051	                    Escherichia coli O99:H6
  0.00	2	0	-	244320	                    Escherichia coli O55:H7
  0.00	1	1	-	701177	                      Escherichia coli O55:H7 str. CB9615
  0.00	1	1	-	1048689	                      Escherichia coli O55:H7 str. RM12579
  0.00	2	2	-	1045010	                    Escherichia coli O157
  0.00	2	2	-	2491679	                    Escherichia coli O22:H8
  0.00	2	2	-	2848145	                    Escherichia coli O170:H18
  0.00	1	1	-	168807	                    Escherichia coli O127:H6
  0.00	1	1	-	405955	                    Escherichia coli APEC O1
  0.00	1	1	-	577675	                    Escherichia coli O91:H21
  0.00	1	1	-	714962	                    Escherichia coli IHE3034
  0.00	1	1	-	1055538	                    Escherichia coli O145
  0.00	1	0	-	1055539	                    Escherichia coli O91
  0.00	1	1	-	1055545	                      Escherichia coli O91 str. RM7190
  0.00	1	1	-	1078034	                    Escherichia coli O145:H28
  0.00	1	1	-	1200752	                    Escherichia coli NCCP15648
  0.00	1	1	-	1382700	                    Escherichia coli PMV-1
  0.00	1	0	-	1446738	                    Escherichia coli O39:NM
  0.00	1	1	-	1446739	                      Escherichia coli O39:NM str. F8704-2
  0.00	1	1	-	2048781	                    Escherichia coli O27:H7
  0.00	1	1	-	2072463	                    Escherichia coli O78
  0.00	1	1	-	2697517	                    Escherichia coli O84:H7
  0.00	1	1	-	2773707	                    Escherichia coli O19:H7
  0.00	1	1	-	2778655	                    Escherichia coli O167:H26
  0.00	1	1	-	2810409	                    Escherichia coli H20
  0.00	1	1	-	2854732	                    Escherichia coli O78:H4
  0.00	1	1	-	2990469	                    Escherichia coli O2:K2:H1
  0.00	1	1	-	3050626	                    Escherichia coli O2:K1:H4
  0.03	42	42	S	208962	                  Escherichia albertii
  0.02	25	25	S	564	                  Escherichia fergusonii
  0.01	19	19	S	1499973	                  Escherichia marmotae
  0.01	8	0	-	2608889	                  unclassified Escherichia
  0.00	4	4	S	2044467	                    Escherichia sp. E4742
  0.00	2	2	S	2509662	                    Escherichia sp. HH091_1A
  0.00	2	2	S	2509666	                    Escherichia sp. KS167_9B
  0.04	57	0	-	2890311	                Klebsiella/Raoultella group
  0.04	55	2	G	570	                  Klebsiella
  0.03	40	1	S	3390273	                    Klebsiella pneumoniae complex
  0.02	27	27	S	573	                      Klebsiella pneumoniae
  0.01	9	7	S	244366	                      Klebsiella variicola
  0.00	2	2	-	2590157	                        Klebsiella variicola subsp. variicola
  0.00	3	3	S	1463165	                      Klebsiella quasipneumoniae
  0.00	4	4	S	548	                    Klebsiella aerogenes
  0.00	3	3	S	1259973	                    Klebsiella electrica
  0.00	3	3	S	2058152	                    Klebsiella grimontii
  0.00	2	2	S	1134687	                    Klebsiella michiganensis
  0.00	1	1	-	2608929	                    unclassified Klebsiella
  0.00	2	1	G	160674	                  Raoultella
  0.00	1	1	S	577	                    Raoultella terrigena
  0.03	50	9	G	620	                Shigella
  0.01	15	15	S	622	                  Shigella dysenteriae
  0.01	15	15	S	623	                  Shigella flexneri
  0.00	6	6	S	624	                  Shigella sonnei
  0.00	5	4	S	621	                  Shigella boydii
  0.00	1	1	-	344609	                    Shigella boydii CDC 3083-94
  0.02	30	5	G	544	                Citrobacter
  0.00	6	0	S	1344959	                  Citrobacter freundii complex
  0.00	3	3	S	546	                    Citrobacter freundii
  0.00	1	1	S	57706	                    Citrobacter braakii
  0.00	1	1	S	67827	                    Citrobacter werkmanii
  0.00	1	1	S	67828	                    Citrobacter gillenii
  0.00	4	1	-	2644389	                  unclassified Citrobacter
  0.00	2	2	S	2781952	                    Citrobacter sp. BDA59-3
  0.00	1	1	S	2769347	                    Citrobacter sp. C13
  0.00	3	1	S	35703	                  Citrobacter amalonaticus
  0.00	2	2	-	1261127	                    Citrobacter amalonaticus Y19
  0.00	2	2	S	545	                  Citrobacter koseri
  0.00	2	2	S	67824	                  Citrobacter farmeri
  0.00	2	2	S	67825	                  Citrobacter rodentium
  0.00	2	2	S	2562449	                  Citrobacter tructae
  0.00	2	2	S	2894201	                  Citrobacter meridianamericanus
  0.00	1	1	S	2546350	                  Citrobacter arsenatis
  0.00	1	1	S	2971264	                  Citrobacter enshiensis
  0.02	27	0	G	590	                Salmonella
  0.02	27	3	S	28901	                  Salmonella enterica
  0.02	23	2	-	59201	                    Salmonella enterica subsp. enterica
  0.01	16	15	-	58712	                      Salmonella enterica subsp. enterica serovar Anatum
  0.00	1	1	-	1454584	                        Salmonella enterica subsp. enterica serovar Anatum str. USDA-ARS-USMARC-1727
  0.00	1	1	-	913076	                      Salmonella enterica subsp. enterica serovar Johannesburg
  0.00	1	0	-	1242085	                      Salmonella enterica subsp. enterica serovar Macclesfield
  0.00	1	1	-	1242107	                        Salmonella enterica subsp. enterica serovar Macclesfield str. S-1643
  0.00	1	1	-	2021403	                      Salmonella enterica subsp. enterica serovar Adjame
  0.00	1	1	-	2564481	                      Salmonella enterica subsp. enterica serovar Gombe
  0.00	1	1	-	2583588	                      Salmonella enterica subsp. enterica serovar 1,4,[5],12:i:-
  0.00	1	0	-	59202	                    Salmonella enterica subsp. salamae
  0.00	1	1	-	2577858	                      Salmonella enterica subsp. salamae serovar 56:b:[1,5]
  0.01	18	3	G	547	                Enterobacter
  0.01	13	3	S	354276	                  Enterobacter cloacae complex
  0.00	3	3	S	158836	                    Enterobacter hormaechei
  0.00	2	0	-	2757714	                    unclassified Enterobacter cloacae complex
  0.00	2	2	S	2027919	                      Enterobacter cloacae complex sp.
  0.00	1	1	S	550	                    Enterobacter cloacae
  0.00	1	1	S	61645	                    Enterobacter asburiae
  0.00	1	1	S	208224	                    Enterobacter kobei
  0.00	1	1	S	299767	                    Enterobacter ludwigii
  0.00	1	1	S	1812935	                    Enterobacter roggenkampii
  0.00	1	1	S	881260	                  Enterobacter bugandensis
  0.00	1	0	-	2608935	                  unclassified Enterobacter
  0.00	1	1	S	3116479	                    Enterobacter sp. ECC-175
  0.01	8	2	G	83654	                Leclercia
  0.00	4	4	S	83655	                  Leclercia adecarboxylata
  0.00	1	0	-	2627398	                  unclassified Leclercia
  0.00	1	1	S	2714951	                    Leclercia sp. 29361
  0.00	1	1	S	2815358	                  Leclercia pneumoniae
  0.00	4	0	G	579	                Kluyvera
  0.00	1	1	S	580	                  Kluyvera cryocrescens
  0.00	1	1	S	61648	                  Kluyvera intermedia
  0.00	1	0	-	2619995	                  unclassified Kluyvera
  0.00	1	1	S	2873269	                    Kluyvera sp. CRP
  0.00	1	1	S	2725494	                  Kluyvera sichuanensis
  0.00	3	0	G	158483	                Cedecea
  0.00	2	2	S	158822	                  Cedecea neteri
  0.00	1	1	S	158484	                  Cedecea davisae
  0.00	3	0	G	413496	                Cronobacter
  0.00	1	1	S	28141	                  Cronobacter sakazakii
  0.00	1	1	S	413497	                  Cronobacter dublinensis
  0.00	1	0	S	1163710	                  Cronobacter condimenti
  0.00	1	1	-	1073999	                    Cronobacter condimenti 1330
  0.00	1	0	G	158851	                Trabulsiella
  0.00	1	1	S	379893	                  Trabulsiella odontotermitis
  0.00	1	0	-	191675	                Enterobacteriaceae incertae sedis
  0.00	1	0	-	84563	                  ant, tsetse, mealybug, aphid, etc. endosymbionts
  0.00	1	0	-	84564	                    ant endosymbionts
  0.00	1	0	G	203804	                      Candidatus Blochmanniella
  0.00	1	0	-	711328	                        unclassified Candidatus Blochmanniella
  0.00	1	1	S	1505597	                          Blochmannia endosymbiont of Camponotus (Colobopsis) obliquus
  0.00	1	0	G	1048757	                Candidatus Moranella
  0.00	1	1	S	1048758	                  Candidatus Moranella endobia
  0.00	1	0	G	1330545	                Lelliottia
  0.00	1	0	-	2642424	                  unclassified Lelliottia
  0.00	1	1	S	3110110	                    Lelliottia sp. JS-SCA-14
  0.00	1	0	G	1330546	                Pluralibacter
  0.00	1	0	S	1334193	                  [Enterobacter] lignolyticus
  0.00	1	1	-	701347	                    [Enterobacter] lignolyticus SCF1
  0.00	1	1	G	1330547	                Kosakonia
  0.00	1	0	G	1903434	                Atlantibacter
  0.00	1	1	S	565	                  Atlantibacter hermannii
  0.01	10	0	F	1903411	              Yersiniaceae
  0.00	4	1	G	613	                Serratia
  0.00	1	1	S	82996	                  Serratia plymuthica
  0.00	1	1	S	138074	                  Serratia symbiotica
  0.00	1	0	-	2647522	                  unclassified Serratia (in: enterobacteria)
  0.00	1	1	S	671990	                    Serratia sp. FGI94
  0.00	3	0	G	629	                Yersinia
  0.00	1	1	S	630	                  Yersinia enterocolitica
  0.00	1	1	S	29484	                  Yersinia frederiksenii
  0.00	1	1	S	29485	                  Yersinia rohdei
  0.00	1	0	G	34037	                Rahnella
  0.00	1	1	S	2703885	                  Rahnella aceris
  0.00	1	0	G	41201	                Ewingella
  0.00	1	1	S	41202	                  Ewingella americana
  0.00	1	0	G	2716544	                Chimaeribacter
  0.00	1	1	S	2060066	                  Chimaeribacter arupi
  0.01	9	1	F	1903414	              Morganellaceae
  0.00	3	2	G	586	                Providencia
  0.00	1	1	S	333962	                  Providencia heimbachae
  0.00	2	1	G	626	                Xenorhabdus
  0.00	1	1	S	290110	                  Xenorhabdus budapestensis
  0.00	1	0	G	581	                Morganella
  0.00	1	1	S	582	                  Morganella morganii
  0.00	1	0	G	583	                Proteus
  0.00	1	1	S	584	                  Proteus mirabilis
  0.00	1	0	G	29487	                Photorhabdus
  0.00	1	0	S	2218628	                  Photorhabdus laumondii
  0.00	1	1	-	141679	                    Photorhabdus laumondii subsp. laumondii
  0.00	6	0	F	1903409	              Erwiniaceae
  0.00	5	1	G	53335	                Pantoea
  0.00	3	2	-	2630326	                  unclassified Pantoea
  0.00	1	1	S	3028805	                    Pantoea sp. GABEPS69
  0.00	1	1	S	472693	                  Pantoea eucrina
  0.00	1	0	G	551	                Erwinia
  0.00	1	1	S	65700	                  Erwinia tracheiphila
  0.00	5	0	F	1903410	              Pectobacteriaceae
  0.00	2	1	G	122277	                Pectobacterium
  0.00	1	1	S	2774015	                  Pectobacterium quasiaquaticum
  0.00	2	0	G	204037	                Dickeya
  0.00	1	1	S	568768	                  Dickeya poaceiphila
  0.00	1	0	S	2893572	                  Dickeya parazeae
  0.00	1	1	-	590409	                    Dickeya parazeae Ech586
  0.00	1	0	G	2884243	                Musicola
  0.00	1	0	S	69223	                  Musicola paradisiaca
  0.00	1	1	-	579405	                    Musicola paradisiaca Ech703
  0.00	3	0	F	1903412	              Hafniaceae
  0.00	2	0	G	635	                Edwardsiella
  0.00	1	1	S	67780	                  Edwardsiella ictaluri
  0.00	1	1	S	93378	                  Edwardsiella hoshinae
  0.00	1	0	G	568	                Hafnia
  0.00	1	1	S	569	                  Hafnia alvei
  0.00	1	0	F	1903416	              Budviciaceae
  0.00	1	0	G	2172100	                Limnobaculum
  0.00	1	1	S	2172103	                  Limnobaculum parvum
  0.00	1	0	F	2812006	              Bruguierivoracaceae
  0.00	1	0	G	84565	                Sodalis
  0.00	1	1	S	1239307	                  Sodalis praecaptivus
  0.01	13	0	O	72274	            Pseudomonadales
  0.01	13	0	F	135621	              Pseudomonadaceae
  0.01	13	0	G	286	                Pseudomonas
  0.00	7	0	S	136843	                  Pseudomonas fluorescens group
  0.00	4	4	S	294	                    Pseudomonas fluorescens
  0.00	3	3	S	298	                    Pseudomonas marginalis
  0.00	1	1	S	47886	                  Pseudomonas luteola
  0.00	1	0	S	136841	                  Pseudomonas aeruginosa group
  0.00	1	1	S	287	                    Pseudomonas aeruginosa
  0.00	1	0	S	136845	                  Pseudomonas putida group
  0.00	1	1	S	303	                    Pseudomonas putida
  0.00	1	1	-	196821	                  unclassified Pseudomonas
  0.00	1	1	S	2867264	                  Pseudomonas phytophila
  0.00	1	1	S	2954101	                  Pseudomonas beijingensis
  0.00	5	0	O	135623	            Vibrionales
  0.00	5	0	F	641	              Vibrionaceae
  0.00	3	0	G	662	                Vibrio
  0.00	2	2	S	2025808	                  Vibrio qinghaiensis
  0.00	1	0	S	717610	                  Vibrio harveyi group
  0.00	1	1	S	691	                    Vibrio natriegens
  0.00	1	0	G	657	                Photobacterium
  0.00	1	0	-	2628852	                  unclassified Photobacterium
  0.00	1	1	S	3027472	                    Photobacterium sp. DA100
  0.00	1	0	G	246861	                Grimontia
  0.00	1	0	-	2644349	                  unclassified Grimontia
  0.00	1	1	S	3111011	                    Grimontia sp. NTOU-MAR1
  0.00	2	0	O	135613	            Chromatiales
  0.00	1	0	F	1046	              Chromatiaceae
  0.00	1	0	G	2796146	                Candidatus Nitrosacidococcus
  0.00	1	1	S	553981	                  Candidatus Nitrosacidococcus tergens
  0.00	1	0	F	72276	              Ectothiorhodospiraceae
  0.00	1	0	G	1335745	                Spiribacter
  0.00	1	1	S	1855875	                  Spiribacter roseus
  0.00	2	0	O	135622	            Alteromonadales
  0.00	2	0	F	267890	              Shewanellaceae
  0.00	2	0	G	22	                Shewanella
  0.00	2	0	-	196818	                  unclassified Shewanella
  0.00	2	2	S	2589987	                    Shewanella sp. Scap07
  0.00	2	0	O	135624	            Aeromonadales
  0.00	2	0	F	84642	              Aeromonadaceae
  0.00	2	0	G	642	                Aeromonas
  0.00	1	1	S	645	                  Aeromonas salmonicida
  0.00	1	1	S	651	                  Aeromonas media
  0.00	1	0	-	33811	            unclassified Gammaproteobacteria
  0.00	1	1	S	1248727	              endosymbiont of unidentified scaly snail isolate Monju
  0.00	1	0	O	118969	            Legionellales
  0.00	1	0	F	444	              Legionellaceae
  0.00	1	0	G	445	                Legionella
  0.00	1	1	S	450	                  Legionella longbeachae
  0.00	1	0	O	135618	            Methylococcales
  0.00	1	0	F	403	              Methylococcaceae
  0.00	1	1	G	2822410	                Methylotuvimicrobium
  0.00	1	0	O	135619	            Oceanospirillales
  0.00	1	0	F	135620	              Oceanospirillaceae
  0.00	1	0	G	2893036	                Venatoribacter
  0.00	1	1	S	2661630	                  Venatoribacter cucullus
  0.00	1	0	O	2887326	            Moraxellales
  0.00	1	0	F	468	              Moraxellaceae
  0.00	1	0	G	469	                Acinetobacter
  0.00	1	0	S	909768	                  Acinetobacter calcoaceticus/baumannii complex
  0.00	1	1	S	470	                    Acinetobacter baumannii
  0.06	95	0	C	28211	          Alphaproteobacteria
  0.06	89	0	O	356	            Hyphomicrobiales
  0.06	84	0	F	772	              Bartonellaceae
  0.06	84	0	G	773	                Bartonella
  0.06	84	84	S	2267275	                  Bartonella krasnovii
  0.00	3	0	F	82115	              Rhizobiaceae
  0.00	1	0	-	227290	                Rhizobium/Agrobacterium group
  0.00	1	1	G	357	                  Agrobacterium
  0.00	1	0	-	227292	                Sinorhizobium/Ensifer group
  0.00	1	0	G	106591	                  Ensifer
  0.00	1	1	S	106592	                    Ensifer adhaerens
  0.00	1	0	G	1648508	                Ciceribacter
  0.00	1	1	S	1969821	                  Ciceribacter thiooxidans
  0.00	1	1	F	2821832	              Stappiaceae
  0.00	1	0	F	2831100	              Boseaceae
  0.00	1	0	G	85413	                Bosea
  0.00	1	0	-	2653178	                  unclassified Bosea (in: a-proteobacteria)
  0.00	1	1	S	3350165	                    Bosea sp. UC22_33
  0.00	3	0	O	204457	            Sphingomonadales
  0.00	2	0	F	41297	              Sphingomonadaceae
  0.00	2	0	G	165697	                Sphingopyxis
  0.00	1	1	S	180400	                  Sphingopyxis chilensis
  0.00	1	0	-	2614943	                  unclassified Sphingopyxis
  0.00	1	1	S	1914525	                    Sphingopyxis sp. FD7
  0.00	1	0	F	335929	              Erythrobacteraceae
  0.00	1	0	-	2800788	                Erythrobacter/Porphyrobacter group
  0.00	1	0	G	1041	                  Erythrobacter
  0.00	1	0	-	2633097	                    unclassified Erythrobacter
  0.00	1	1	S	1922225	                      Erythrobacter sp. Alg231-14
  0.00	1	0	O	204455	            Rhodobacterales
  0.00	1	0	F	2854170	              Roseobacteraceae
  0.00	1	0	G	60136	                Sulfitobacter
  0.00	1	0	-	196795	                  unclassified Sulfitobacter
  0.00	1	1	S	2867026	                    Sulfitobacter sp. W074
  0.00	1	0	O	1921002	            Holosporales
  0.00	1	0	F	1777752	              Candidatus Paracaedibacteraceae
  0.00	1	0	G	1521255	                Candidatus Paracaedibacter
  0.00	1	1	S	91604	                  Candidatus Paracaedibacter acanthamoebae
  0.00	1	0	O	3120395	            Acetobacterales
  0.00	1	0	F	433	              Acetobacteraceae
  0.00	1	0	G	434	                Acetobacter
  0.00	1	1	S	438	                  Acetobacter pasteurianus
  0.00	4	0	C	28216	          Betaproteobacteria
  0.00	2	0	O	80840	            Burkholderiales
  0.00	1	0	F	75682	              Oxalobacteraceae
  0.00	1	0	-	2895353	                Telluria group
  0.00	1	0	G	149698	                  Massilia
  0.00	1	1	S	2045208	                    Massilia violaceinigra
  0.00	1	0	F	80864	              Comamonadaceae
  0.00	1	0	G	12916	                Acidovorax
  0.00	1	0	-	2684926	                  unclassified Acidovorax
  0.00	1	1	S	3273430	                    Acidovorax sp. BLS4
  0.00	1	0	O	206351	            Neisseriales
  0.00	1	0	F	481	              Neisseriaceae
  0.00	1	0	G	299568	                Uruburuella
  0.00	1	1	S	252130	                  Uruburuella suis
  0.00	1	0	O	206389	            Rhodocyclales
  0.00	1	0	F	75787	              Rhodocyclaceae
  0.00	1	0	G	146937	                Azospira
  0.00	1	1	S	404405	                  Azospira restricta
  0.00	7	0	-	1783270	        FCB group
  0.00	7	0	-	68336	          Bacteroidota/Chlorobiota group
  0.00	7	0	P	976	            Bacteroidota
  0.00	3	0	C	117743	              Flavobacteriia
  0.00	3	0	O	200644	                Flavobacteriales
  0.00	3	0	F	49546	                  Flavobacteriaceae
  0.00	1	0	G	237	                    Flavobacterium
  0.00	1	1	S	3073563	                      Flavobacterium nakdongensis
  0.00	1	0	G	286104	                    Winogradskyella
  0.00	1	0	-	2615021	                      unclassified Winogradskyella
  0.00	1	1	S	3093872	                        Winogradskyella sp. R77965
  0.00	1	0	G	444459	                    Flagellimonas
  0.00	1	0	-	2644544	                      unclassified Flagellimonas
  0.00	1	1	S	2654676	                        Flagellimonas sp. CMM7
  0.00	2	0	C	200643	              Bacteroidia
  0.00	2	0	O	171549	                Bacteroidales
  0.00	1	0	F	815	                  Bacteroidaceae
  0.00	1	0	G	816	                    Bacteroides
  0.00	1	1	S	371601	                      Bacteroides xylanisolvens
  0.00	1	0	F	171550	                  Rikenellaceae
  0.00	1	0	G	239759	                    Alistipes
  0.00	1	1	S	328814	                      Alistipes shahii
  0.00	1	0	C	117747	              Sphingobacteriia
  0.00	1	0	O	200666	                Sphingobacteriales
  0.00	1	0	F	84566	                  Sphingobacteriaceae
  0.00	1	0	G	423349	                    Mucilaginibacter
  0.00	1	1	S	2682091	                      Mucilaginibacter ginkgonis
  0.00	1	0	C	768503	              Cytophagia
  0.00	1	0	O	768507	                Cytophagales
  0.00	1	0	F	89373	                  Cytophagaceae
  0.00	1	0	G	107	                    Spirosoma
  0.00	1	1	S	2692134	                      Spirosoma aureum
  0.00	1	0	-	1783257	        PVC group
  0.00	1	0	P	74201	          Verrucomicrobiota
  0.00	1	0	C	414999	            Opitutia
  0.00	1	0	O	415001	              Puniceicoccales
  0.00	1	0	F	3056374	                Cerasicoccaceae
  0.00	1	0	G	3138622	                  Rubellicoccus
  0.00	1	1	S	3080537	                    Rubellicoccus peritrichatus
  0.00	1	0	P	3018035	        Bdellovibrionota
  0.00	1	0	C	3031418	          Bdellovibrionia
  0.00	1	0	O	213481	            Bdellovibrionales
  0.00	1	0	F	213483	              Pseudobdellovibrionaceae
  0.00	1	0	G	2862745	                Pseudobdellovibrio
  0.00	1	0	-	2862746	                  unclassified Pseudobdellovibrio
  0.00	1	1	S	3386277	                    Pseudobdellovibrio sp. HCB154
  0.02	36	0	K	1783272	      Bacillati
  0.02	29	0	P	1239	        Bacillota
  0.02	24	1	C	91061	          Bacilli
  0.01	14	0	O	186826	            Lactobacillales
  0.01	10	0	F	1300	              Streptococcaceae
  0.01	9	4	G	1301	                Streptococcus
  0.00	5	5	S	1311	                  Streptococcus agalactiae
  0.00	1	0	G	1357	                Lactococcus
  0.00	1	1	S	1358	                  Lactococcus lactis
  0.00	3	0	F	81852	              Enterococcaceae
  0.00	3	0	G	1350	                Enterococcus
  0.00	3	3	S	1352	                  Enterococcus faecium
  0.00	1	0	F	33958	              Lactobacillaceae
  0.00	1	0	G	2767887	                Ligilactobacillus
  0.00	1	1	S	1601	                  Ligilactobacillus agilis
  0.01	9	0	O	1385	            Bacillales
  0.00	4	0	F	90964	              Staphylococcaceae
  0.00	4	0	G	1279	                Staphylococcus
  0.00	3	3	S	1280	                  Staphylococcus aureus
  0.00	1	1	S	28035	                  Staphylococcus lugdunensis
  0.00	3	0	F	186817	              Bacillaceae
  0.00	2	0	G	1386	                Bacillus
  0.00	1	0	S	1471	                  Bacillus methanolicus
  0.00	1	1	-	796606	                    Bacillus methanolicus MGA3
  0.00	1	1	S	86661	                  Bacillus cereus group
  0.00	1	0	G	2675231	                Mesobacillus
  0.00	1	0	-	2675270	                  unclassified Mesobacillus
  0.00	1	1	S	2880221	                    Mesobacillus sp. S13
  0.00	1	0	F	186820	              Listeriaceae
  0.00	1	0	G	1637	                Listeria
  0.00	1	1	S	1497681	                  Listeria newyorkensis
  0.00	1	0	F	186822	              Paenibacillaceae
  0.00	1	0	G	456492	                Saccharibacillus
  0.00	1	1	S	2583377	                  Saccharibacillus brassicae
  0.00	3	0	C	186801	          Clostridia
  0.00	1	0	O	68295	            Thermoanaerobacterales
  0.00	1	0	F	186814	              Thermoanaerobacteraceae
  0.00	1	0	G	28895	                Thermoanaerobacterium
  0.00	1	1	S	47490	                  Thermoanaerobacterium aotearoense
  0.00	1	0	O	186802	            Eubacteriales
  0.00	1	0	F	186806	              Eubacteriaceae
  0.00	1	0	G	1730	                Eubacterium
  0.00	1	1	S	2041044	                  Eubacterium maltosivorans
  0.00	1	0	O	3082720	            Peptostreptococcales
  0.00	1	0	F	186804	              Peptostreptococcaceae
  0.00	1	0	G	1849822	                Paraclostridium
  0.00	1	1	S	1490	                  Paraclostridium bifermentans
  0.00	2	0	C	909932	          Negativicutes
  0.00	1	0	O	909929	            Selenomonadales
  0.00	1	0	F	1843491	              Selenomonadaceae
  0.00	1	0	G	158846	                Megamonas
  0.00	1	1	S	158847	                  Megamonas hypermegale
  0.00	1	0	O	1843489	            Veillonellales
  0.00	1	0	F	31977	              Veillonellaceae
  0.00	1	0	G	29465	                Veillonella
  0.00	1	1	S	29466	                  Veillonella parvula
  0.00	7	0	P	201174	        Actinomycetota
  0.00	7	0	C	1760	          Actinomycetes
  0.00	3	0	O	85007	            Mycobacteriales
  0.00	1	0	F	1653	              Corynebacteriaceae
  0.00	1	0	G	1716	                Corynebacterium
  0.00	1	0	-	2624378	                  unclassified Corynebacterium
  0.00	1	1	S	3050208	                    Corynebacterium sp. MSK130
  0.00	1	0	F	85025	              Nocardiaceae
  0.00	1	0	G	1827	                Rhodococcus
  0.00	1	1	S	1830	                  Rhodococcus ruber
  0.00	1	0	F	85028	              Tsukamurellaceae
  0.00	1	0	G	2060	                Tsukamurella
  0.00	1	0	-	2633480	                  unclassified Tsukamurella
  0.00	1	1	S	2929795	                    Tsukamurella sp. PLM1
  0.00	2	0	O	85011	            Kitasatosporales
  0.00	2	0	F	2062	              Streptomycetaceae
  0.00	1	0	G	1883	                Streptomyces
  0.00	1	0	-	2593676	                  unclassified Streptomyces
  0.00	1	1	S	2979468	                    Streptomyces sp. S465
  0.00	1	0	G	2063	                Kitasatospora
  0.00	1	0	S	2066	                  Kitasatospora setae
  0.00	1	1	-	452652	                    Kitasatospora setae KM-6054
  0.00	1	0	O	85006	            Micrococcales
  0.00	1	0	F	85019	              Brevibacteriaceae
  0.00	1	0	G	1696	                Brevibacterium
  0.00	1	0	-	2614124	                  unclassified Brevibacterium
  0.00	1	1	S	2999062	                    Brevibacterium sp. BRM-1
  0.00	1	0	O	85012	            Streptosporangiales
  0.00	1	0	F	2004	              Streptosporangiaceae
  0.00	1	0	G	83681	                Nonomuraea
  0.00	1	0	-	2593643	                  unclassified Nonomuraea
  0.00	1	1	S	2976002	                    Nonomuraea sp. NBC_00507
  0.00	1	0	D	2157	    Archaea
  0.00	1	0	K	1783275	      Thermoproteati
  0.00	1	0	P	651137	        Nitrososphaerota
  0.00	1	0	-	651142	          Nitrososphaerota incertae sedis
  0.00	1	0	G	1825023	            Candidatus Nitrosotenuis
  0.00	1	1	S	1603555	              Candidatus Nitrosotenuis cloacae
